# JRE version: OpenJDK Runtime Environment Microsoft-8035246 (17.0.8+7) (build 17.0.8+7-LTS)
# Java VM: OpenJDK 64-Bit Server VM Microsoft-8035246 (17.0.8+7-LTS, mixed mode, sharing, tiered, compressed oops, compressed class ptrs, g1 gc, windows-amd64)
GC Precious Log:
 CPUs: 12 total, 12 available
 Memory: 7923M
 Large Page Support: Disabled
 NUMA Support: Disabled
 Compressed Oops: Enabled (32-bit)
 Heap Region Size: 1M
 Heap Min Capacity: 8M
 Heap Initial Capacity: 124M
 Heap Max Capacity: 2G
 Pre-touch: Disabled
 Parallel Workers: 10
 Concurrent Workers: 3
 Concurrent Refinement Workers: 10
 Periodic GC: Disabled
Heap:
 garbage-first heap   total 300032K, used 250692K [0x0000000080000000, 0x0000000100000000)
  region size 1024K, 23 young (23552K), 3 survivors (3072K)
 Metaspace       used 104722K, committed 105984K, reserved 557056K
  class space    used 14706K, committed 15232K, reserved 425984K
GC Heap History (20 events):
Event: 47.042 GC heap before
{Heap before GC invocations=52 (full 0):
 garbage-first heap   total 249856K, used 217367K [0x0000000080000000, 0x0000000100000000)
  region size 1024K, 12 young (12288K), 2 survivors (2048K)
 Metaspace       used 102554K, committed 103744K, reserved 557056K
  class space    used 14396K, committed 14912K, reserved 425984K
}
Event: 47.046 GC heap after
{Heap after GC invocations=53 (full 0):
 garbage-first heap   total 249856K, used 208808K [0x0000000080000000, 0x0000000100000000)
  region size 1024K, 2 young (2048K), 2 survivors (2048K)
 Metaspace       used 102554K, committed 103744K, reserved 557056K
  class space    used 14396K, committed 14912K, reserved 425984K
}
Event: 47.146 GC heap before
{Heap before GC invocations=53 (full 0):
 garbage-first heap   total 249856K, used 219048K [0x0000000080000000, 0x0000000100000000)
  region size 1024K, 12 young (12288K), 2 survivors (2048K)
 Metaspace       used 102730K, committed 104000K, reserved 557056K
  class space    used 14412K, committed 14976K, reserved 425984K
}
Event: 47.148 GC heap after
{Heap after GC invocations=54 (full 0):
 garbage-first heap   total 249856K, used 210233K [0x0000000080000000, 0x0000000100000000)
  region size 1024K, 2 young (2048K), 2 survivors (2048K)
 Metaspace       used 102730K, committed 104000K, reserved 557056K
  class space    used 14412K, committed 14976K, reserved 425984K
}
Event: 47.246 GC heap before
{Heap before GC invocations=54 (full 0):
 garbage-first heap   total 249856K, used 220473K [0x0000000080000000, 0x0000000100000000)
  region size 1024K, 12 young (12288K), 2 survivors (2048K)
 Metaspace       used 102791K, committed 104064K, reserved 557056K
  class space    used 14413K, committed 14976K, reserved 425984K
}
Event: 47.248 GC heap after
{Heap after GC invocations=55 (full 0):
 garbage-first heap   total 249856K, used 211372K [0x0000000080000000, 0x0000000100000000)
  region size 1024K, 2 young (2048K), 2 survivors (2048K)
 Metaspace       used 102791K, committed 104064K, reserved 557056K
  class space    used 14413K, committed 14976K, reserved 425984K
}
Event: 47.329 GC heap before
{Heap before GC invocations=55 (full 0):
 garbage-first heap   total 249856K, used 221612K [0x0000000080000000, 0x0000000100000000)
  region size 1024K, 12 young (12288K), 2 survivors (2048K)
 Metaspace       used 102846K, committed 104064K, reserved 557056K
  class space    used 14413K, committed 14976K, reserved 425984K
}
Event: 47.332 GC heap after
{Heap after GC invocations=56 (full 0):
 garbage-first heap   total 300032K, used 212130K [0x0000000080000000, 0x0000000100000000)
  region size 1024K, 1 young (1024K), 1 survivors (1024K)
 Metaspace       used 102846K, committed 104064K, reserved 557056K
  class space    used 14413K, committed 14976K, reserved 425984K
}
Event: 47.674 GC heap before
{Heap before GC invocations=56 (full 0):
 garbage-first heap   total 300032K, used 252066K [0x0000000080000000, 0x0000000100000000)
  region size 1024K, 40 young (40960K), 1 survivors (1024K)
 Metaspace       used 103018K, committed 104256K, reserved 557056K
  class space    used 14415K, committed 14976K, reserved 425984K
}
Event: 47.679 GC heap after
{Heap after GC invocations=57 (full 0):
 garbage-first heap   total 300032K, used 215767K [0x0000000080000000, 0x0000000100000000)
  region size 1024K, 5 young (5120K), 5 survivors (5120K)
 Metaspace       used 103018K, committed 104256K, reserved 557056K
  class space    used 14415K, committed 14976K, reserved 425984K
}
Event: 47.987 GC heap before
{Heap before GC invocations=57 (full 0):
 garbage-first heap   total 300032K, used 252631K [0x0000000080000000, 0x0000000100000000)
  region size 1024K, 42 young (43008K), 5 survivors (5120K)
 Metaspace       used 103993K, committed 105216K, reserved 557056K
  class space    used 14643K, committed 15168K, reserved 425984K
}
Event: 47.995 GC heap after
{Heap after GC invocations=58 (full 0):
 garbage-first heap   total 300032K, used 220798K [0x0000000080000000, 0x0000000100000000)
  region size 1024K, 6 young (6144K), 6 survivors (6144K)
 Metaspace       used 103993K, committed 105216K, reserved 557056K
  class space    used 14643K, committed 15168K, reserved 425984K
}
Event: 48.249 GC heap before
{Heap before GC invocations=58 (full 0):
 garbage-first heap   total 300032K, used 253566K [0x0000000080000000, 0x0000000100000000)
  region size 1024K, 39 young (39936K), 6 survivors (6144K)
 Metaspace       used 104227K, committed 105536K, reserved 557056K
  class space    used 14655K, committed 15232K, reserved 425984K
}
Event: 48.254 GC heap after
{Heap after GC invocations=59 (full 0):
 garbage-first heap   total 300032K, used 222396K [0x0000000080000000, 0x0000000100000000)
  region size 1024K, 2 young (2048K), 2 survivors (2048K)
 Metaspace       used 104227K, committed 105536K, reserved 557056K
  class space    used 14655K, committed 15232K, reserved 425984K
}
Event: 48.650 GC heap before
{Heap before GC invocations=59 (full 0):
 garbage-first heap   total 300032K, used 256188K [0x0000000080000000, 0x0000000100000000)
  region size 1024K, 36 young (36864K), 2 survivors (2048K)
 Metaspace       used 104617K, committed 105856K, reserved 557056K
  class space    used 14706K, committed 15232K, reserved 425984K
}
Event: 48.657 GC heap after
{Heap after GC invocations=60 (full 0):
 garbage-first heap   total 300032K, used 226388K [0x0000000080000000, 0x0000000100000000)
  region size 1024K, 5 young (5120K), 5 survivors (5120K)
 Metaspace       used 104617K, committed 105856K, reserved 557056K
  class space    used 14706K, committed 15232K, reserved 425984K
}
Event: 48.798 GC heap before
{Heap before GC invocations=60 (full 0):
 garbage-first heap   total 300032K, used 257108K [0x0000000080000000, 0x0000000100000000)
  region size 1024K, 35 young (35840K), 5 survivors (5120K)
 Metaspace       used 104718K, committed 105984K, reserved 557056K
  class space    used 14706K, committed 15232K, reserved 425984K
}
Event: 48.804 GC heap after
{Heap after GC invocations=61 (full 0):
 garbage-first heap   total 300032K, used 229089K [0x0000000080000000, 0x0000000100000000)
  region size 1024K, 3 young (3072K), 3 survivors (3072K)
 Metaspace       used 104718K, committed 105984K, reserved 557056K
  class space    used 14706K, committed 15232K, reserved 425984K
}
Event: 49.552 GC heap before
{Heap before GC invocations=61 (full 0):
 garbage-first heap   total 300032K, used 257761K [0x0000000080000000, 0x0000000100000000)
  region size 1024K, 32 young (32768K), 3 survivors (3072K)
 Metaspace       used 104722K, committed 105984K, reserved 557056K
  class space    used 14706K, committed 15232K, reserved 425984K
}
Event: 49.557 GC heap after
{Heap after GC invocations=62 (full 0):
 garbage-first heap   total 300032K, used 231236K [0x0000000080000000, 0x0000000100000000)
  region size 1024K, 3 young (3072K), 3 survivors (3072K)
 Metaspace       used 104722K, committed 105984K, reserved 557056K
  class space    used 14706K, committed 15232K, reserved 425984K
}

